<?xml version="1.0" encoding="UTF-8"?>
<!-- Generated by org.testng.reporters.JUnitXMLReporter -->
<testsuite hostname="TRVLHGN9NN2" ignored="0" name="Test" tests="3" failures="0" timestamp="2021-09-21T02:44:15 IST" time="30.737" errors="0">
  <testcase name="verifyLoginPageTest" time="6.836" classname="com.orangehrm.qa.testcases.LoginPageTest"/>
  <testcase name="verifyDashbBoardElementsDisplayAndLogin" time="7.358" classname="com.orangehrm.qa.testcases.DashBoardPageTest"/>
  <testcase name="verifyLogOutAction" time="1.856" classname="com.orangehrm.qa.testcases.DashBoardPageTest"/>
</testsuite> <!-- Test -->
